# JRE version: OpenJDK Runtime Environment Temurin-11.0.14.1+1 (11.0.14.1+1) (build 11.0.14.1+1)
# Java VM: OpenJDK 64-Bit Server VM Temurin-11.0.14.1+1 (11.0.14.1+1, mixed mode, tiered, compressed oops, g1 gc, bsd-amd64)
Heap:
 garbage-first heap   total 157696K, used 81906K [0x0000000780000000, 0x0000000800000000)
  region size 1024K, 38 young (38912K), 5 survivors (5120K)
 Metaspace       used 30754K, capacity 31912K, committed 32128K, reserved 1077248K
  class space    used 3702K, capacity 4213K, committed 4224K, reserved 1048576K
GC Heap History (12 events):
Event: 0.851 GC heap before
{Heap before GC invocations=0 (full 0):
 garbage-first heap   total 131072K, used 13312K [0x0000000780000000, 0x0000000800000000)
  region size 1024K, 14 young (14336K), 0 survivors (0K)
 Metaspace       used 10231K, capacity 10501K, committed 10752K, reserved 1058816K
  class space    used 1017K, capacity 1166K, committed 1280K, reserved 1048576K
}
Event: 0.858 GC heap after
{Heap after GC invocations=1 (full 0):
 garbage-first heap   total 131072K, used 2557K [0x0000000780000000, 0x0000000800000000)
  region size 1024K, 2 young (2048K), 2 survivors (2048K)
 Metaspace       used 10231K, capacity 10501K, committed 10752K, reserved 1058816K
  class space    used 1017K, capacity 1166K, committed 1280K, reserved 1048576K
}
Event: 1.723 GC heap before
{Heap before GC invocations=1 (full 0):
 garbage-first heap   total 131072K, used 25085K [0x0000000780000000, 0x0000000800000000)
  region size 1024K, 25 young (25600K), 2 survivors (2048K)
 Metaspace       used 20437K, capacity 20997K, committed 21248K, reserved 1069056K
  class space    used 2264K, capacity 2518K, committed 2560K, reserved 1048576K
}
Event: 1.738 GC heap after
{Heap after GC invocations=2 (full 0):
 garbage-first heap   total 131072K, used 6858K [0x0000000780000000, 0x0000000800000000)
  region size 1024K, 6 young (6144K), 6 survivors (6144K)
 Metaspace       used 20437K, capacity 20997K, committed 21248K, reserved 1069056K
  class space    used 2264K, capacity 2518K, committed 2560K, reserved 1048576K
}
Event: 2.282 GC heap before
{Heap before GC invocations=3 (full 0):
 garbage-first heap   total 131072K, used 29386K [0x0000000780000000, 0x0000000800000000)
  region size 1024K, 28 young (28672K), 6 survivors (6144K)
 Metaspace       used 22824K, capacity 23467K, committed 23680K, reserved 1071104K
  class space    used 2625K, capacity 2888K, committed 2944K, reserved 1048576K
}
Event: 2.302 GC heap after
{Heap after GC invocations=4 (full 0):
 garbage-first heap   total 131072K, used 14790K [0x0000000780000000, 0x0000000800000000)
  region size 1024K, 4 young (4096K), 4 survivors (4096K)
 Metaspace       used 22824K, capacity 23467K, committed 23680K, reserved 1071104K
  class space    used 2625K, capacity 2888K, committed 2944K, reserved 1048576K
}
Event: 7.414 GC heap before
{Heap before GC invocations=4 (full 0):
 garbage-first heap   total 131072K, used 47558K [0x0000000780000000, 0x0000000800000000)
  region size 1024K, 34 young (34816K), 4 survivors (4096K)
 Metaspace       used 29893K, capacity 31073K, committed 31360K, reserved 1077248K
  class space    used 3674K, capacity 4174K, committed 4224K, reserved 1048576K
}
Event: 7.437 GC heap after
{Heap after GC invocations=5 (full 0):
 garbage-first heap   total 131072K, used 22809K [0x0000000780000000, 0x0000000800000000)
  region size 1024K, 5 young (5120K), 5 survivors (5120K)
 Metaspace       used 29893K, capacity 31073K, committed 31360K, reserved 1077248K
  class space    used 3674K, capacity 4174K, committed 4224K, reserved 1048576K
}
Event: 16.338 GC heap before
{Heap before GC invocations=5 (full 0):
 garbage-first heap   total 131072K, used 63769K [0x0000000780000000, 0x0000000800000000)
  region size 1024K, 45 young (46080K), 5 survivors (5120K)
 Metaspace       used 30698K, capacity 31848K, committed 32128K, reserved 1077248K
  class space    used 3701K, capacity 4213K, committed 4224K, reserved 1048576K
}
Event: 16.377 GC heap after
{Heap after GC invocations=6 (full 0):
 garbage-first heap   total 157696K, used 36773K [0x0000000780000000, 0x0000000800000000)
  region size 1024K, 6 young (6144K), 6 survivors (6144K)
 Metaspace       used 30698K, capacity 31848K, committed 32128K, reserved 1077248K
  class space    used 3701K, capacity 4213K, committed 4224K, reserved 1048576K
}
Event: 17.366 GC heap before
{Heap before GC invocations=6 (full 0):
 garbage-first heap   total 157696K, used 71589K [0x0000000780000000, 0x0000000800000000)
  region size 1024K, 40 young (40960K), 6 survivors (6144K)
 Metaspace       used 30698K, capacity 31848K, committed 32128K, reserved 1077248K
  class space    used 3701K, capacity 4213K, committed 4224K, reserved 1048576K
}
Event: 17.439 GC heap after
{Heap after GC invocations=7 (full 0):
 garbage-first heap   total 157696K, used 49138K [0x0000000780000000, 0x0000000800000000)
  region size 1024K, 5 young (5120K), 5 survivors (5120K)
 Metaspace       used 30698K, capacity 31848K, committed 32128K, reserved 1077248K
  class space    used 3701K, capacity 4213K, committed 4224K, reserved 1048576K
}

