# JRE version: OpenJDK Runtime Environment Temurin-11.0.14.1+1 (11.0.14.1+1) (build 11.0.14.1+1)
# Java VM: OpenJDK 64-Bit Server VM Temurin-11.0.14.1+1 (11.0.14.1+1, mixed mode, tiered, compressed oops, g1 gc, bsd-amd64)
Heap:
 garbage-first heap   total 157696K, used 56052K [0x0000000780000000, 0x0000000800000000)
  region size 1024K, 3 young (3072K), 1 survivors (1024K)
 Metaspace       used 32532K, capacity 33770K, committed 34176K, reserved 1079296K
  class space    used 3833K, capacity 4373K, committed 4480K, reserved 1048576K
GC Heap History (16 events):
Event: 1.341 GC heap before
{Heap before GC invocations=0 (full 0):
 garbage-first heap   total 131072K, used 14336K [0x0000000780000000, 0x0000000800000000)
  region size 1024K, 14 young (14336K), 0 survivors (0K)
 Metaspace       used 10492K, capacity 10652K, committed 10752K, reserved 1058816K
  class space    used 921K, capacity 973K, committed 1024K, reserved 1048576K
}
Event: 1.347 GC heap after
{Heap after GC invocations=1 (full 0):
 garbage-first heap   total 131072K, used 2411K [0x0000000780000000, 0x0000000800000000)
  region size 1024K, 2 young (2048K), 2 survivors (2048K)
 Metaspace       used 10492K, capacity 10652K, committed 10752K, reserved 1058816K
  class space    used 921K, capacity 973K, committed 1024K, reserved 1048576K
}
Event: 3.114 GC heap before
{Heap before GC invocations=1 (full 0):
 garbage-first heap   total 131072K, used 61803K [0x0000000780000000, 0x0000000800000000)
  region size 1024K, 62 young (63488K), 2 survivors (2048K)
 Metaspace       used 20524K, capacity 21038K, committed 21248K, reserved 1069056K
  class space    used 2239K, capacity 2480K, committed 2560K, reserved 1048576K
}
Event: 3.131 GC heap after
{Heap after GC invocations=2 (full 0):
 garbage-first heap   total 131072K, used 6917K [0x0000000780000000, 0x0000000800000000)
  region size 1024K, 7 young (7168K), 7 survivors (7168K)
 Metaspace       used 20524K, capacity 21038K, committed 21248K, reserved 1069056K
  class space    used 2239K, capacity 2480K, committed 2560K, reserved 1048576K
}
Event: 3.618 GC heap before
{Heap before GC invocations=3 (full 0):
 garbage-first heap   total 131072K, used 35589K [0x0000000780000000, 0x0000000800000000)
  region size 1024K, 35 young (35840K), 7 survivors (7168K)
 Metaspace       used 23176K, capacity 23749K, committed 24064K, reserved 1071104K
  class space    used 2502K, capacity 2724K, committed 2816K, reserved 1048576K
}
Event: 3.636 GC heap after
{Heap after GC invocations=4 (full 0):
 garbage-first heap   total 131072K, used 14857K [0x0000000780000000, 0x0000000800000000)
  region size 1024K, 5 young (5120K), 5 survivors (5120K)
 Metaspace       used 23176K, capacity 23749K, committed 24064K, reserved 1071104K
  class space    used 2502K, capacity 2724K, committed 2816K, reserved 1048576K
}
Event: 6.133 GC heap before
{Heap before GC invocations=4 (full 0):
 garbage-first heap   total 131072K, used 77321K [0x0000000780000000, 0x0000000800000000)
  region size 1024K, 64 young (65536K), 5 survivors (5120K)
 Metaspace       used 30945K, capacity 32103K, committed 32256K, reserved 1077248K
  class space    used 3770K, capacity 4269K, committed 4352K, reserved 1048576K
}
Event: 6.145 GC heap after
{Heap after GC invocations=5 (full 0):
 garbage-first heap   total 131072K, used 21421K [0x0000000780000000, 0x0000000800000000)
  region size 1024K, 4 young (4096K), 4 survivors (4096K)
 Metaspace       used 30945K, capacity 32103K, committed 32256K, reserved 1077248K
  class space    used 3770K, capacity 4269K, committed 4352K, reserved 1048576K
}
Event: 11.100 GC heap before
{Heap before GC invocations=5 (full 0):
 garbage-first heap   total 131072K, used 84909K [0x0000000780000000, 0x0000000800000000)
  region size 1024K, 66 young (67584K), 4 survivors (4096K)
 Metaspace       used 32008K, capacity 33240K, committed 33664K, reserved 1079296K
  class space    used 3832K, capacity 4371K, committed 4480K, reserved 1048576K
}
Event: 11.139 GC heap after
{Heap after GC invocations=6 (full 0):
 garbage-first heap   total 131072K, used 42246K [0x0000000780000000, 0x0000000800000000)
  region size 1024K, 9 young (9216K), 9 survivors (9216K)
 Metaspace       used 32008K, capacity 33240K, committed 33664K, reserved 1079296K
  class space    used 3832K, capacity 4371K, committed 4480K, reserved 1048576K
}
Event: 11.323 GC heap before
{Heap before GC invocations=6 (full 0):
 garbage-first heap   total 131072K, used 56582K [0x0000000780000000, 0x0000000800000000)
  region size 1024K, 21 young (21504K), 9 survivors (9216K)
 Metaspace       used 32100K, capacity 33305K, committed 33664K, reserved 1079296K
  class space    used 3832K, capacity 4371K, committed 4480K, reserved 1048576K
}
Event: 11.390 GC heap after
{Heap after GC invocations=7 (full 0):
 garbage-first heap   total 131072K, used 53760K [0x0000000780000000, 0x0000000800000000)
  region size 1024K, 3 young (3072K), 3 survivors (3072K)
 Metaspace       used 32100K, capacity 33305K, committed 33664K, reserved 1079296K
  class space    used 3832K, capacity 4371K, committed 4480K, reserved 1048576K
}
Event: 11.536 GC heap before
{Heap before GC invocations=7 (full 0):
 garbage-first heap   total 131072K, used 56832K [0x0000000780000000, 0x0000000800000000)
  region size 1024K, 6 young (6144K), 3 survivors (3072K)
 Metaspace       used 32197K, capacity 33434K, committed 33664K, reserved 1079296K
  class space    used 3832K, capacity 4371K, committed 4480K, reserved 1048576K
}
Event: 11.552 GC heap after
{Heap after GC invocations=8 (full 0):
 garbage-first heap   total 157696K, used 55259K [0x0000000780000000, 0x0000000800000000)
  region size 1024K, 1 young (1024K), 1 survivors (1024K)
 Metaspace       used 32197K, capacity 33434K, committed 33664K, reserved 1079296K
  class space    used 3832K, capacity 4371K, committed 4480K, reserved 1048576K
}
Event: 14.725 GC heap before
{Heap before GC invocations=8 (full 0):
 garbage-first heap   total 157696K, used 65499K [0x0000000780000000, 0x0000000800000000)
  region size 1024K, 11 young (11264K), 1 survivors (1024K)
 Metaspace       used 32503K, capacity 33706K, committed 33920K, reserved 1079296K
  class space    used 3833K, capacity 4373K, committed 4480K, reserved 1048576K
}
Event: 14.728 GC heap after
{Heap after GC invocations=9 (full 0):
 garbage-first heap   total 157696K, used 55028K [0x0000000780000000, 0x0000000800000000)
  region size 1024K, 1 young (1024K), 1 survivors (1024K)
 Metaspace       used 32503K, capacity 33706K, committed 33920K, reserved 1079296K
  class space    used 3833K, capacity 4373K, committed 4480K, reserved 1048576K
}

